[debug] [2023-04-22T15:46:02.101Z] ----------------------------------------------------------------------
[debug] [2023-04-22T15:46:02.103Z] Command:       C:\Program Files\nodejs\node.exe C:\Users\D\AppData\Roaming\npm\node_modules\firebase-tools\lib\bin\firebase.js init
[debug] [2023-04-22T15:46:02.103Z] CLI Version:   11.28.0
[debug] [2023-04-22T15:46:02.104Z] Platform:      win32
[debug] [2023-04-22T15:46:02.104Z] Node Version:  v20.0.0
[debug] [2023-04-22T15:46:02.104Z] Time:          Sat Apr 22 2023 19:16:02 GMT+0330 (Iran Standard Time)
[debug] [2023-04-22T15:46:02.104Z] ----------------------------------------------------------------------
[debug] 
[debug] [2023-04-22T15:46:02.106Z] >>> [apiv2][query] GET https://firebase-public.firebaseio.com/cli.json [none]
[debug] [2023-04-22T15:46:02.146Z] > command requires scopes: ["email","openid","https://www.googleapis.com/auth/cloudplatformprojects.readonly","https://www.googleapis.com/auth/firebase","https://www.googleapis.com/auth/cloud-platform"]
[debug] [2023-04-22T15:46:02.147Z] > authorizing via signed-in user (lifepath2.dev@gmail.com)
[info] 
     ######## #### ########  ######## ########     ###     ######  ########
     ##        ##  ##     ## ##       ##     ##  ##   ##  ##       ##
     ######    ##  ########  ######   ########  #########  ######  ######
     ##        ##  ##    ##  ##       ##     ## ##     ##       ## ##
     ##       #### ##     ## ######## ########  ##     ##  ######  ########

You're about to initialize a Firebase project in this directory:

  D:\Codes\Hamburger\lifepath

[warn] !  Unable to fetch the CLI MOTD and remote config. 
[debug] [2023-04-22T15:46:02.331Z] Failed to fetch MOTD FirebaseError: Failed to make request to https://firebase-public.firebaseio.com/cli.json
[info] 
=== Project Setup
[info] 
[info] First, let's associate this project directory with a Firebase project.
[info] You can create multiple project aliases by running firebase use --add, 
[info] but for now we'll just set up a default project.
[info] 
[debug] [2023-04-22T15:46:07.551Z] >>> [apiv2][query] GET https://firebase.googleapis.com/v1beta1/projects pageSize=100
[debug] [2023-04-22T15:46:30.977Z] <<< [apiv2][status] GET https://firebase.googleapis.com/v1beta1/projects 403
[debug] [2023-04-22T15:46:30.977Z] <<< [apiv2][body] GET https://firebase.googleapis.com/v1beta1/projects [omitted]
[debug] [2023-04-22T15:46:30.978Z] Unable to parse JSON: SyntaxError: Unexpected token '<', "<!DOCTYPE "... is not valid JSON
[debug] [2023-04-22T15:46:31.364Z] FirebaseError: Unable to parse JSON: SyntaxError: Unexpected token '<', "<!DOCTYPE "... is not valid JSON
    at RetryOperation._fn (C:\Users\D\AppData\Roaming\npm\node_modules\firebase-tools\lib\apiv2.js:260:39)
    at process.processTicksAndRejections (node:internal/process/task_queues:95:5)
[error] 
[error] Error: Failed to list Firebase projects. See firebase-debug.log for more info.
